<?xml version="1.0" encoding="UTF-8"?>
<!-- Generated by org.testng.reporters.JUnitReportReporter -->
<testsuite skipped="0" hostname="LAPTOP-E8FI7IIA" name="testcases.Wordpress.LoginToWordpress" tests="1" failures="0" timestamp="2020-08-23T16:14:19 IST" time="34.193" errors="0">
  <testcase name="accountLogin" time="34.193" classname="testcases.Wordpress.LoginToWordpress"/>
  <system-out/>
</testsuite> <!-- testcases.Wordpress.LoginToWordpress -->
